[0mGET /css/layout.css [33m404[0m 381.639 ms - 153[0m
[0mGET /js/chat_engine.js [33m404[0m 507.031 ms - 156[0m
[0mGET /js/home_posts.js [33m404[0m 510.633 ms - 155[0m
[0mGET /css/header.css [33m404[0m 304.547 ms - 153[0m
[0mGET /js/home_post_comments.js [33m404[0m 533.181 ms - 163[0m
[0mGET / [32m200[0m 1211.959 ms - 8736[0m
[0mGET /css/layout.css [33m404[0m 119.961 ms - 153[0m
[0mGET /css/chat_box.css [33m404[0m 310.240 ms - 155[0m
[0mGET /js/home_post_comments.js [33m404[0m 216.818 ms - 163[0m
[0mGET /js/toggle_likes.js [33m404[0m 306.397 ms - 157[0m
[0mGET /css/home.css [33m404[0m 366.372 ms - 151[0m
[0mGET /css/footer.css [33m404[0m 318.862 ms - 153[0m
[0mGET /js/home_posts.js [33m404[0m 4.163 ms - 155[0m
[0mGET /js/toggle_likes.js [33m404[0m 5.057 ms - 157[0m
[0mGET /js/chat_engine.js [33m404[0m 4.388 ms - 156[0m
[0mGET /favicon.ico [33m404[0m 37.520 ms - 150[0m
[0mGET / [36m304[0m 125.922 ms - -[0m
[0mGET /css/layout.css [33m404[0m 6.083 ms - 153[0m
[0mGET /css/footer.css [33m404[0m 13.072 ms - 153[0m
[0mGET /css/header.css [33m404[0m 12.609 ms - 153[0m
[0mGET /css/home.css [33m404[0m 10.876 ms - 151[0m
[0mGET /js/home_post_comments.js [33m404[0m 13.344 ms - 163[0m
[0mGET /css/chat_box.css [33m404[0m 16.742 ms - 155[0m
[0mGET /js/home_posts.js [33m404[0m 12.007 ms - 155[0m
[0mGET /js/toggle_likes.js [33m404[0m 7.752 ms - 157[0m
[0mGET /js/chat_engine.js [33m404[0m 10.097 ms - 156[0m
[0mGET /js/chat_engine.js [33m404[0m 4.849 ms - 156[0m
[0mGET /users/sign-in [36m304[0m 15.472 ms - -[0m
[0mGET /css/layout.css [33m404[0m 4.601 ms - 153[0m
[0mGET /css/header.css [33m404[0m 5.266 ms - 153[0m
[0mGET /css/footer.css [33m404[0m 8.637 ms - 153[0m
[0mPOST /users/create-session [36m302[0m 79.743 ms - 46[0m
[0mGET / [32m200[0m 41.660 ms - 12360[0m
[0mGET /css/layout.css [33m404[0m 16.244 ms - 153[0m
[0mGET /css/header.css [33m404[0m 15.565 ms - 153[0m
[0mGET /css/footer.css [33m404[0m 9.581 ms - 153[0m
[0mGET /css/chat_box.css [33m404[0m 36.552 ms - 155[0m
[0mGET /js/home_post_comments.js [33m404[0m 49.162 ms - 163[0m
[0mGET /js/toggle_likes.js [33m404[0m 45.137 ms - 157[0m
[0mGET /js/home_posts.js [33m404[0m 47.077 ms - 155[0m
[0mGET /css/home.css [33m404[0m 37.964 ms - 151[0m
[0mGET /js/chat_engine.js [33m404[0m 33.351 ms - 156[0m
[0mGET /js/toggle_likes.js [33m404[0m 9.145 ms - 157[0m
[0mGET /js/chat_engine.js [33m404[0m 7.884 ms - 156[0m
[0mGET / [32m200[0m 38.872 ms - 12069[0m
[0mGET /css/layout.css [33m404[0m 50.722 ms - 153[0m
[0mGET /css/footer.css [33m404[0m 56.885 ms - 153[0m
[0mGET /css/header.css [33m404[0m 55.504 ms - 153[0m
[0mGET /css/chat_box.css [33m404[0m 54.355 ms - 155[0m
[0mGET /css/home.css [33m404[0m 55.732 ms - 151[0m
[0mGET /js/home_post_comments.js [33m404[0m 78.034 ms - 163[0m
[0mGET /js/home_posts.js [33m404[0m 24.679 ms - 155[0m
[0mGET /js/toggle_likes.js [33m404[0m 26.462 ms - 157[0m
[0mGET /js/chat_engine.js [33m404[0m 20.027 ms - 156[0m
[0mGET / [36m304[0m 69.484 ms - -[0m
[0mGET /css/layout.css [33m404[0m 8.558 ms - 153[0m
[0mGET /css/header.css [33m404[0m 23.983 ms - 153[0m
[0mGET /css/footer.css [33m404[0m 33.582 ms - 153[0m
[0mGET /css/home.css [33m404[0m 63.013 ms - 151[0m
[0mGET /css/chat_box.css [33m404[0m 60.735 ms - 155[0m
[0mGET /js/home_post_comments.js [33m404[0m 58.449 ms - 163[0m
[0mGET /js/home_posts.js [33m404[0m 71.539 ms - 155[0m
[0mGET /js/toggle_likes.js [33m404[0m 29.129 ms - 157[0m
[0mGET /js/chat_engine.js [33m404[0m 27.959 ms - 156[0m
[0mGET / [36m304[0m 190.620 ms - -[0m
[0mGET /css/layout.css [33m404[0m 21.085 ms - 153[0m
[0mGET /css/header.css [33m404[0m 30.633 ms - 153[0m
[0mGET /css/chat_box.css [33m404[0m 40.949 ms - 155[0m
[0mGET /css/home.css [33m404[0m 42.894 ms - 151[0m
[0mGET /css/footer.css [33m404[0m 30.877 ms - 153[0m
[0mGET /js/home_post_comments.js [33m404[0m 61.171 ms - 163[0m
[0mGET /js/home_posts.js [33m404[0m 40.371 ms - 155[0m
[0mGET /js/toggle_likes.js [33m404[0m 31.078 ms - 157[0m
[0mGET /js/chat_engine.js [33m404[0m 10.348 ms - 156[0m
[0mGET / [36m304[0m 60.752 ms - -[0m
[0mGET /css/layout.css [33m404[0m 60.221 ms - 153[0m
[0mGET /css/header.css [33m404[0m 45.287 ms - 153[0m
[0mGET /js/home_post_comments.js [33m404[0m 33.747 ms - 163[0m
[0mGET /css/footer.css [33m404[0m 63.616 ms - 153[0m
[0mGET /css/chat_box.css [33m404[0m 57.641 ms - 155[0m
[0mGET /css/home.css [33m404[0m 62.098 ms - 151[0m
[0mGET /js/home_posts.js [33m404[0m 33.349 ms - 155[0m
[0mGET /js/chat_engine.js [33m404[0m 25.659 ms - 156[0m
[0mGET /js/toggle_likes.js [33m404[0m 27.224 ms - 157[0m
[0mGET / [36m304[0m 208.418 ms - -[0m
[0mGET /css/layout.css [33m404[0m 24.317 ms - 153[0m
[0mGET /css/header.css [33m404[0m 31.520 ms - 153[0m
[0mGET /css/home.css [33m404[0m 49.878 ms - 151[0m
[0mGET /css/footer.css [33m404[0m 31.000 ms - 153[0m
[0mGET /css/chat_box.css [33m404[0m 48.460 ms - 155[0m
[0mGET /js/home_posts.js [33m404[0m 40.414 ms - 155[0m
[0mGET /js/home_post_comments.js [33m404[0m 59.172 ms - 163[0m
[0mGET /js/toggle_likes.js [33m404[0m 41.608 ms - 157[0m
[0mGET /js/chat_engine.js [33m404[0m 36.200 ms - 156[0m
[0mGET / [36m304[0m 53.479 ms - -[0m
[0mGET /css/layout.css [33m404[0m 16.906 ms - 153[0m
[0mGET /css/header.css [33m404[0m 29.559 ms - 153[0m
[0mGET /css/footer.css [33m404[0m 40.227 ms - 153[0m
[0mGET /css/home.css [33m404[0m 37.807 ms - 151[0m
[0mGET /js/home_post_comments.js [33m404[0m 53.845 ms - 163[0m
[0mGET /css/chat_box.css [33m404[0m 56.373 ms - 155[0m
[0mGET /js/home_posts.js [33m404[0m 33.679 ms - 155[0m
[0mGET /js/toggle_likes.js [33m404[0m 24.486 ms - 157[0m
[0mGET /js/chat_engine.js [33m404[0m 9.444 ms - 156[0m
[0mGET /css/layout.css [33m404[0m 36.492 ms - 153[0m
[0mGET /css/header.css [33m404[0m 32.558 ms - 153[0m
[0mGET /css/footer.css [33m404[0m 30.577 ms - 153[0m
[0mGET /css/home.css [33m404[0m 47.925 ms - 151[0m
[0mGET /css/chat_box.css [33m404[0m 48.794 ms - 155[0m
[0mGET / [32m200[0m 126.085 ms - 12085[0m
[0mGET /css/layout.css [33m404[0m 10.270 ms - 153[0m
[0mGET /css/header.css [33m404[0m 9.011 ms - 153[0m
[0mGET /css/home.css [33m404[0m 47.141 ms - 151[0m
[0mGET /css/chat_box.css [33m404[0m 44.538 ms - 155[0m
[0mGET /css/footer.css [33m404[0m 49.544 ms - 153[0m
[0mGET /js/home_post_comments.js [33m404[0m 51.997 ms - 163[0m
[0mGET /js/toggle_likes.js [33m404[0m 35.469 ms - 157[0m
[0mGET /js/home_posts.js [33m404[0m 37.885 ms - 155[0m
[0mGET /js/chat_engine.js [33m404[0m 8.075 ms - 156[0m
[0mGET /js/chat_engine.js [33m404[0m 8.445 ms - 156[0m
[0mGET / [36m304[0m 58.173 ms - -[0m
[0mGET /css/layout.css [33m404[0m 25.349 ms - 153[0m
[0mGET /css/header.css [33m404[0m 40.191 ms - 153[0m
[0mGET /css/footer.css [33m404[0m 41.325 ms - 153[0m
[0mGET /js/home_post_comments.js [33m404[0m 37.466 ms - 163[0m
[0mGET /css/home.css [33m404[0m 40.241 ms - 151[0m
[0mGET /css/chat_box.css [33m404[0m 38.913 ms - 155[0m
[0mGET /js/home_posts.js [33m404[0m 31.702 ms - 155[0m
[0mGET /js/toggle_likes.js [33m404[0m 16.256 ms - 157[0m
[0mGET /js/chat_engine.js [33m404[0m 15.036 ms - 156[0m
[0mGET / [32m200[0m 49.791 ms - 12093[0m
[0mGET /css/layout.css [33m404[0m 7.223 ms - 153[0m
[0mGET /css/header.css [33m404[0m 7.760 ms - 153[0m
[0mGET /css/footer.css [33m404[0m 12.811 ms - 153[0m
[0mGET /css/home.css [33m404[0m 37.674 ms - 151[0m
[0mGET /css/chat_box.css [33m404[0m 35.304 ms - 155[0m
[0mGET /js/toggle_likes.js [33m404[0m 30.512 ms - 157[0m
[0mGET /js/home_post_comments.js [33m404[0m 33.371 ms - 163[0m
[0mGET /js/home_posts.js [33m404[0m 31.835 ms - 155[0m
[0mGET /js/chat_engine.js [33m404[0m 29.165 ms - 156[0m
[0mGET / [36m304[0m 58.203 ms - -[0m
[0mGET /css/layout.css [33m404[0m 17.117 ms - 153[0m
[0mGET /css/header.css [33m404[0m 20.286 ms - 153[0m
[0mGET /css/footer.css [33m404[0m 12.914 ms - 153[0m
[0mGET /css/chat_box.css [33m404[0m 42.443 ms - 155[0m
[0mGET /css/home.css [33m404[0m 37.453 ms - 151[0m
[0mGET /js/home_posts.js [33m404[0m 60.010 ms - 155[0m
[0mGET /js/toggle_likes.js [33m404[0m 57.561 ms - 157[0m
[0mGET /js/home_post_comments.js [33m404[0m 39.492 ms - 163[0m
[0mGET /js/chat_engine.js [33m404[0m 61.444 ms - 156[0m
[0mGET /js/toggle_likes.js [33m404[0m 10.052 ms - 157[0m
[0mGET /js/chat_engine.js [33m404[0m 10.109 ms - 156[0m
[0mGET / [32m200[0m 46.868 ms - 12158[0m
[0mGET /css/layout.css [33m404[0m 28.267 ms - 153[0m
[0mGET /css/header.css [33m404[0m 32.167 ms - 153[0m
[0mGET /css/footer.css [33m404[0m 31.249 ms - 153[0m
[0mGET /css/chat_box.css [33m404[0m 28.061 ms - 155[0m
[0mGET /css/styles.css [33m404[0m 41.040 ms - 153[0m
[0mGET /js/home_post_comments.js [33m404[0m 47.355 ms - 163[0m
[0mGET /css/home.css [33m404[0m 46.149 ms - 151[0m
[0mGET /js/home_posts.js [33m404[0m 38.168 ms - 155[0m
[0mGET /js/toggle_likes.js [33m404[0m 32.073 ms - 157[0m
[0mGET /js/chat_engine.js [33m404[0m 16.877 ms - 156[0m
[0mGET / [32m200[0m 50.644 ms - 12199[0m
[0mGET /css/layout.css [33m404[0m 7.463 ms - 153[0m
[0mGET /css/header.css [33m404[0m 24.643 ms - 153[0m
[0mGET /css/styles.css [33m404[0m 38.392 ms - 153[0m
[0mGET /css/footer.css [33m404[0m 39.468 ms - 153[0m
[0mGET /css/home.css [33m404[0m 34.406 ms - 151[0m
[0mGET /css/chat_box.css [33m404[0m 30.517 ms - 155[0m
[0mGET /js/home_post_comments.js [33m404[0m 25.978 ms - 163[0m
[0mGET /js/home_posts.js [33m404[0m 15.157 ms - 155[0m
[0mGET /js/chat_engine.js [33m404[0m 11.812 ms - 156[0m
[0mGET /js/toggle_likes.js [33m404[0m 12.727 ms - 157[0m
[0mGET / [32m200[0m 2695.305 ms - 8866[0m
[0mGET /css/chat_box.css [0m-[0m - ms - -[0m
[0mGET /css/footer.css [0m-[0m - ms - -[0m
[0mGET /css/header.css [0m-[0m - ms - -[0m
[0mGET /css/styles.css [0m-[0m - ms - -[0m
[0mGET /css/home.css [0m-[0m - ms - -[0m
[0mGET /css/layout.css [0m-[0m - ms - -[0m
[0mGET /js/home_posts.js [33m404[0m 269.392 ms - 155[0m
[0mGET /js/chat_engine.js [33m404[0m 265.198 ms - 156[0m
[0mGET /css/chat_box.css [33m404[0m 274.548 ms - 155[0m
[0mGET /js/home_post_comments.js [33m404[0m 271.405 ms - 163[0m
[0mGET /css/footer.css [33m404[0m 19.759 ms - 153[0m
[0mGET /css/styles.css [33m404[0m 19.810 ms - 153[0m
[0mGET /css/header.css [33m404[0m 263.323 ms - 153[0m
[0mGET /js/toggle_likes.js [33m404[0m 269.516 ms - 157[0m
[0mGET /css/home.css [33m404[0m 10.020 ms - 151[0m
[0mGET /css/layout.css [33m404[0m 18.195 ms - 153[0m
[0mGET /js/home_posts.js [33m404[0m 6.255 ms - 155[0m
[0mGET /js/toggle_likes.js [33m404[0m 4.459 ms - 157[0m
[0mGET /js/chat_engine.js [33m404[0m 4.473 ms - 156[0m
[0mGET /favicon.ico [33m404[0m 4.502 ms - 150[0m
[0mGET /css/layout.css [33m404[0m 4.237 ms - 153[0m
[0mGET /css/header.css [33m404[0m 5.084 ms - 153[0m
[0mGET /css/footer.css [33m404[0m 7.256 ms - 153[0m
[0mGET /css/chat_box.css [33m404[0m 7.897 ms - 155[0m
[0mGET /css/home.css [33m404[0m 10.263 ms - 151[0m
[0mGET /css/styles.css [33m404[0m 14.487 ms - 153[0m
[0mGET / [36m304[0m 56.111 ms - -[0m
[0mGET /css/layout.css [33m404[0m 6.530 ms - 153[0m
[0mGET /css/header.css [33m404[0m 21.116 ms - 153[0m
[0mGET /css/home.css [33m404[0m 14.641 ms - 151[0m
[0mGET /css/chat_box.css [33m404[0m 11.157 ms - 155[0m
[0mGET /css/styles.css [33m404[0m 18.322 ms - 153[0m
[0mGET /css/footer.css [33m404[0m 19.927 ms - 153[0m
[0mGET /js/home_post_comments.js [33m404[0m 7.961 ms - 163[0m
[0mGET /js/home_posts.js [33m404[0m 4.709 ms - 155[0m
[0mGET /js/toggle_likes.js [33m404[0m 4.420 ms - 157[0m
[0mGET /js/chat_engine.js [33m404[0m 6.033 ms - 156[0m
[0mGET / [36m304[0m 32.778 ms - -[0m
[0mGET /css/layout.css [33m404[0m 4.612 ms - 153[0m
[0mGET /css/header.css [33m404[0m 5.338 ms - 153[0m
[0mGET /css/footer.css [33m404[0m 9.372 ms - 153[0m
[0mGET /css/styles.css [33m404[0m 5.578 ms - 153[0m
[0mGET /css/home.css [33m404[0m 23.737 ms - 151[0m
[0mGET /css/chat_box.css [33m404[0m 21.339 ms - 155[0m
[0mGET /js/home_posts.js [33m404[0m 16.058 ms - 155[0m
[0mGET /js/home_post_comments.js [33m404[0m 17.772 ms - 163[0m
[0mGET /js/toggle_likes.js [33m404[0m 41.754 ms - 157[0m
[0mGET /js/chat_engine.js [33m404[0m 5.153 ms - 156[0m
[0mGET / [36m304[0m 35.353 ms - -[0m
[0mGET /css/footer.css [33m404[0m 21.987 ms - 153[0m
[0mGET /css/layout.css [33m404[0m 27.044 ms - 153[0m
[0mGET /css/header.css [33m404[0m 24.810 ms - 153[0m
[0mGET /css/styles.css [33m404[0m 32.617 ms - 153[0m
[0mGET /css/chat_box.css [33m404[0m 7.825 ms - 155[0m
[0mGET /css/home.css [33m404[0m 19.164 ms - 151[0m
[0mGET /js/home_post_comments.js [33m404[0m 10.018 ms - 163[0m
[0mGET /js/home_posts.js [33m404[0m 7.990 ms - 155[0m
[0mGET /js/toggle_likes.js [33m404[0m 15.061 ms - 157[0m
[0mGET /js/chat_engine.js [33m404[0m 12.367 ms - 156[0m
[0mGET /css/layout.css [33m404[0m 6.769 ms - 153[0m
[0mGET /css/footer.css [33m404[0m 20.073 ms - 153[0m
[0mGET /css/header.css [33m404[0m 23.934 ms - 153[0m
[0mGET /css/home.css [33m404[0m 18.062 ms - 151[0m
[0mGET /css/styles.css [33m404[0m 18.886 ms - 153[0m
[0mGET /css/chat_box.css [33m404[0m 29.506 ms - 155[0m
[0mGET /js/home_post_comments.js [33m404[0m 11.193 ms - 163[0m
[0mGET /js/home_posts.js [33m404[0m 4.137 ms - 155[0m
[0mGET /js/toggle_likes.js [33m404[0m 4.496 ms - 157[0m
[0mGET /js/chat_engine.js [33m404[0m 3.574 ms - 156[0m
[0mGET /users/sign-in [36m304[0m 14.044 ms - -[0m
[0mGET /css/header.css [33m404[0m 16.337 ms - 153[0m
[0mGET /css/layout.css [33m404[0m 9.783 ms - 153[0m
[0mGET /css/footer.css [33m404[0m 20.755 ms - 153[0m
[0mPOST /users/create-session [36m302[0m 73.610 ms - 46[0m
[0mGET / [32m200[0m 39.694 ms - 12490[0m
[0mGET /css/layout.css [33m404[0m 8.139 ms - 153[0m
[0mGET /css/footer.css [33m404[0m 35.878 ms - 153[0m
[0mGET /css/header.css [33m404[0m 41.244 ms - 153[0m
[0mGET /css/styles.css [33m404[0m 33.328 ms - 153[0m
[0mGET /css/chat_box.css [33m404[0m 42.831 ms - 155[0m
[0mGET /css/home.css [33m404[0m 47.731 ms - 151[0m
[0mGET /js/home_post_comments.js [33m404[0m 26.637 ms - 163[0m
[0mGET /js/home_posts.js [33m404[0m 30.568 ms - 155[0m
[0mGET /js/toggle_likes.js [33m404[0m 32.592 ms - 157[0m
[0mGET /js/chat_engine.js [33m404[0m 27.466 ms - 156[0m
[0mGET /css/layout.css [33m404[0m 34.116 ms - 153[0m
[0mGET /css/header.css [33m404[0m 32.716 ms - 153[0m
[0mGET /css/footer.css [33m404[0m 31.238 ms - 153[0m
[0mGET /css/styles.css [33m404[0m 40.488 ms - 153[0m
[0mGET /css/home.css [33m404[0m 27.685 ms - 151[0m
[0mGET /css/chat_box.css [33m404[0m 25.329 ms - 155[0m
[0mGET / [32m200[0m 36.455 ms - 12199[0m
[0mGET /css/layout.css [33m404[0m 7.811 ms - 153[0m
[0mGET /css/header.css [33m404[0m 10.273 ms - 153[0m
[0mGET /css/footer.css [33m404[0m 46.221 ms - 153[0m
[0mGET /css/styles.css [33m404[0m 52.282 ms - 153[0m
[0mGET /css/home.css [33m404[0m 48.149 ms - 151[0m
[0mGET /js/home_posts.js [33m404[0m 38.483 ms - 155[0m
[0mGET /css/chat_box.css [33m404[0m 45.432 ms - 155[0m
[0mGET /js/home_post_comments.js [33m404[0m 43.085 ms - 163[0m
[0mGET /js/toggle_likes.js [33m404[0m 13.790 ms - 157[0m
[0mGET /js/chat_engine.js [33m404[0m 13.329 ms - 156[0m
[0mGET /js/chat_engine.js [33m404[0m 8.074 ms - 156[0m
[0mGET / [36m304[0m 42.229 ms - -[0m
[0mGET /css/layout.css [33m404[0m 30.094 ms - 153[0m
[0mGET /css/header.css [33m404[0m 32.925 ms - 153[0m
[0mGET /css/footer.css [33m404[0m 28.959 ms - 153[0m
[0mGET /css/styles.css [33m404[0m 27.716 ms - 153[0m
[0mGET /css/home.css [33m404[0m 45.232 ms - 151[0m
[0mGET /css/chat_box.css [33m404[0m 42.441 ms - 155[0m
[0mGET /js/home_post_comments.js [33m404[0m 92.177 ms - 163[0m
[0mGET /js/home_posts.js [33m404[0m 89.289 ms - 155[0m
[0mGET /js/toggle_likes.js [33m404[0m 86.769 ms - 157[0m
[0mGET /js/chat_engine.js [33m404[0m 92.809 ms - 156[0m
[0mGET /css/layout.css [33m404[0m 25.601 ms - 153[0m
[0mGET /css/footer.css [33m404[0m 23.340 ms - 153[0m
[0mGET /js/home_posts.js [33m404[0m 7.389 ms - 155[0m
[0mGET /js/toggle_likes.js [33m404[0m 7.544 ms - 157[0m
[0mGET /js/chat_engine.js [33m404[0m 6.490 ms - 156[0m
[0mGET /css/layout.css [33m404[0m 9.262 ms - 153[0m
[0mGET /css/header.css [33m404[0m 31.480 ms - 153[0m
[0mGET /css/footer.css [33m404[0m 35.945 ms - 153[0m
[0mGET /css/chat_box.css [33m404[0m 31.275 ms - 155[0m
[0mGET /css/styles.css [33m404[0m 35.127 ms - 153[0m
[0mGET /css/home.css [33m404[0m 34.069 ms - 151[0m
[0mGET / [36m304[0m 34.146 ms - -[0m
[0mGET /css/layout.css [33m404[0m 8.281 ms - 153[0m
[0mGET /css/header.css [33m404[0m 7.574 ms - 153[0m
[0mGET /css/footer.css [33m404[0m 46.958 ms - 153[0m
[0mGET /css/styles.css [33m404[0m 43.370 ms - 153[0m
[0mGET /css/home.css [33m404[0m 40.648 ms - 151[0m
[0mGET /css/chat_box.css [33m404[0m 43.765 ms - 155[0m
[0mGET /js/home_post_comments.js [33m404[0m 86.589 ms - 163[0m
[0mGET /js/home_posts.js [33m404[0m 71.155 ms - 155[0m
[0mGET /js/toggle_likes.js [33m404[0m 40.330 ms - 157[0m
[0mGET /js/chat_engine.js [33m404[0m 47.240 ms - 156[0m
[0mGET /js/chat_engine.js [33m404[0m 7.964 ms - 156[0m
[0mPOST /posts/create [36m302[0m 150.767 ms - 88[0m
[0mGET / [0m-[0m - ms - -[0m
[0mGET / [0m-[0m - ms - -[0m
[0mGET / [0m-[0m - ms - -[0m
[0mPOST /comments/create [36m302[0m 44.034 ms - 46[0m
[0mGET / [0m-[0m - ms - -[0m
[0mGET / [0m-[0m - ms - -[0m
[0mGET / [0m-[0m - ms - -[0m
[0mGET / [0m-[0m - ms - -[0m
[0mGET / [0m-[0m - ms - -[0m
[0mGET / [0m-[0m - ms - -[0m
[0mGET / [0m-[0m - ms - -[0m
[0mGET / [0m-[0m - ms - -[0m
[0mGET / [0m-[0m - ms - -[0m
[0mGET / [0m-[0m - ms - -[0m
[0mGET / [0m-[0m - ms - -[0m
[0mGET / [0m-[0m - ms - -[0m
[0mGET / [0m-[0m - ms - -[0m
[0mGET / [0m-[0m - ms - -[0m
[0mGET / [0m-[0m - ms - -[0m
[0mGET / [0m-[0m - ms - -[0m
[0mGET / [0m-[0m - ms - -[0m
[0mGET / [0m-[0m - ms - -[0m
[0mGET / [0m-[0m - ms - -[0m
[0mGET / [0m-[0m - ms - -[0m
[0mGET / [0m-[0m - ms - -[0m
[0mGET / [0m-[0m - ms - -[0m
[0mGET / [0m-[0m - ms - -[0m
[0mGET / [0m-[0m - ms - -[0m
[0mGET / [0m-[0m - ms - -[0m
[0mGET / [0m-[0m - ms - -[0m
[0mGET / [0m-[0m - ms - -[0m
[0mGET / [0m-[0m - ms - -[0m
